0 silly argv { _: [ 'exec' ],
0 silly argv   parallel: true,
0 silly argv   args: [],
0 silly argv   '--':
0 silly argv    [ 'babel',
0 silly argv      '--root-mode',
0 silly argv      'upward',
0 silly argv      'src',
0 silly argv      '-d',
0 silly argv      'lib',
0 silly argv      '--ignore',
0 silly argv      '**/*.story.js',
0 silly argv      '--watch' ],
0 silly argv   lernaVersion: '3.15.0',
0 silly argv   '$0': '/Users/cchampouillon/code/ui-kit/node_modules/.bin/lerna' }
1 notice cli v3.15.0
2 verbose rootPath /Users/cchampouillon/code/ui-kit
3 info Executing command in 8 packages: "babel --root-mode upward src -d lib --ignore **/*.story.js --watch"
4 error Error: Command failed: babel --root-mode upward src -d lib --ignore **/*.story.js --watch
4 error
4 error Successfully compiled 1 file with Babel.
4 error
4 error     at makeError (/Users/cchampouillon/code/ui-kit/node_modules/execa/index.js:174:9)
4 error     at Promise.all.then.arr (/Users/cchampouillon/code/ui-kit/node_modules/execa/index.js:278:16)
