Arguments: 
  /usr/local/Cellar/node/11.14.0_1/bin/node /Users/cchampouillon/.yarn/bin/yarn.js link

PATH: 
  /Users/cchampouillon/.opam/default/bin:/Users/cchampouillon/.yarn/bin:/Users/cchampouillon/.config/yarn/global/node_modules/.bin:/Users/cchampouillon/bin:/usr/local/bin:/usr/bin:/bin:/usr/sbin:/sbin:/Users/cchampouillon/code/confidences-app/node_modules/.bin

Yarn version: 
  1.16.0

Node version: 
  11.14.0

Platform: 
  darwin x64

Trace: 
  SyntaxError: /Users/cchampouillon/code/ui-kit/packages/top-bar/package.json: Unexpected token } in JSON at position 235
      at JSON.parse (<anonymous>)
      at /Users/cchampouillon/.yarn/lib/cli.js:1625:59
      at Generator.next (<anonymous>)
      at step (/Users/cchampouillon/.yarn/lib/cli.js:304:30)
      at /Users/cchampouillon/.yarn/lib/cli.js:315:13

npm manifest: 
  {
    "name": "@cda/top-bar",
    "version": "0.0.9",
    "license": "MIT",
    "main": "lib/index.js",
    "publishConfig": {
      "access": "public"
    },
    "dependencies": {
      "@emotion/core": "^10.0.14",
      "@emotion/styled": "^10.0.14",
    },
    "gitHead": "f99dfba40c70467369e4ecfa8cd26033b323176f"
  }

yarn manifest: 
  No manifest

Lockfile: 
  No lockfile
